Traceback (most recent call last):
  File "/opt/hostedtoolcache/Python/3.8.18/x64/lib/python3.8/site-packages/jupyter_cache/executors/utils.py", line 58, in single_nb_execution
    executenb(
  File "/opt/hostedtoolcache/Python/3.8.18/x64/lib/python3.8/site-packages/nbclient/client.py", line 1305, in execute
    return NotebookClient(nb=nb, resources=resources, km=km, **kwargs).execute()
  File "/opt/hostedtoolcache/Python/3.8.18/x64/lib/python3.8/site-packages/jupyter_core/utils/__init__.py", line 165, in wrapped
    return loop.run_until_complete(inner)
  File "/opt/hostedtoolcache/Python/3.8.18/x64/lib/python3.8/asyncio/base_events.py", line 616, in run_until_complete
    return future.result()
  File "/opt/hostedtoolcache/Python/3.8.18/x64/lib/python3.8/site-packages/nbclient/client.py", line 705, in async_execute
    await self.async_execute_cell(
  File "/opt/hostedtoolcache/Python/3.8.18/x64/lib/python3.8/site-packages/nbclient/client.py", line 1058, in async_execute_cell
    await self._check_raise_for_error(cell, cell_index, exec_reply)
  File "/opt/hostedtoolcache/Python/3.8.18/x64/lib/python3.8/site-packages/nbclient/client.py", line 914, in _check_raise_for_error
    raise CellExecutionError.from_cell_and_msg(cell, exec_reply_content)
nbclient.exceptions.CellExecutionError: An error occurred while executing the following cell:
------------------

import plotly.graph_objects as go

import pandas as pd
df = pd.read_csv("sensors-18-24.csv")
df["timestamp"] = pd.to_datetime(df['timestamp'])

RHtrace18 = go.Scatter(customdata=df, 
                    y=df['h18'], 
                    x = df['timestamp'], 
                    mode='lines', 
                    hoverinfo='all', 
                    name='18',
                    )
RHtrace19 = go.Scatter(customdata=df, 
                    y=df['h19'], 
                    x = df['timestamp'], 
                    mode='lines', 
                    hoverinfo='all', 
                    name='19',
                    )

RHtrace20 = go.Scatter(customdata=df, 
                    y=df['h20'], 
                    x = df['timestamp'], 
                    mode='lines', 
                    hoverinfo='all', 
                    name='20',
                    )
RHtrace21 = go.Scatter(customdata=df, 
                    y=df['h21'], 
                    x = df['timestamp'], 
                    mode='lines', 
                    hoverinfo='all', 
                    name='21',
                    )

RHtrace22 = go.Scatter(customdata=df, 
                    y=df['h22'], 
                    x = df['timestamp'], 
                    mode='lines', 
                    hoverinfo='all', 
                    name='22',
                    )
RHtrace23 = go.Scatter(customdata=df, 
                    y=df['h23'], 
                    x = df['timestamp'], 
                    mode='lines', 
                    hoverinfo='all', 
                    name='23',
                    )
RHtrace24 = go.Scatter(customdata=df, 
                    y=df['h24'], 
                    x = df['timestamp'], 
                    mode='lines', 
                    hoverinfo='all', 
                    name='24',
                    )
RHtraceLascar = go.Scatter(customdata=df, 
                    y=df['Lascar-RH'], 
                    x = df['timestamp'], 
                    mode='lines', 
                    hoverinfo='all', 
                    name='Lascar',
                    )

g = go.FigureWidget(data=[RHtrace18, RHtrace19, RHtrace20, RHtrace21, RHtrace22, RHtrace23, RHtrace24,RHtraceLascar])
g.layout.title = 'RH readings - sensors 18 to 24'
g.layout.xaxis.title= 'timestamp'
g.layout.yaxis.title = "%RH"


fig = go.Figure(g)

fig.show()


------------------


[0;31m---------------------------------------------------------------------------[0m
[0;31mImportError[0m                               Traceback (most recent call last)
Cell [0;32mIn[1], line 66[0m
[1;32m     51[0m RHtrace24 [38;5;241m=[39m go[38;5;241m.[39mScatter(customdata[38;5;241m=[39mdf, 
[1;32m     52[0m                     y[38;5;241m=[39mdf[[38;5;124m'[39m[38;5;124mh24[39m[38;5;124m'[39m], 
[1;32m     53[0m                     x [38;5;241m=[39m df[[38;5;124m'[39m[38;5;124mtimestamp[39m[38;5;124m'[39m], 
[0;32m   (...)[0m
[1;32m     56[0m                     name[38;5;241m=[39m[38;5;124m'[39m[38;5;124m24[39m[38;5;124m'[39m,
[1;32m     57[0m                     )
[1;32m     58[0m RHtraceLascar [38;5;241m=[39m go[38;5;241m.[39mScatter(customdata[38;5;241m=[39mdf, 
[1;32m     59[0m                     y[38;5;241m=[39mdf[[38;5;124m'[39m[38;5;124mLascar-RH[39m[38;5;124m'[39m], 
[1;32m     60[0m                     x [38;5;241m=[39m df[[38;5;124m'[39m[38;5;124mtimestamp[39m[38;5;124m'[39m], 
[0;32m   (...)[0m
[1;32m     63[0m                     name[38;5;241m=[39m[38;5;124m'[39m[38;5;124mLascar[39m[38;5;124m'[39m,
[1;32m     64[0m                     )
[0;32m---> 66[0m g [38;5;241m=[39m [43mgo[49m[38;5;241;43m.[39;49m[43mFigureWidget[49m[43m([49m[43mdata[49m[38;5;241;43m=[39;49m[43m[[49m[43mRHtrace18[49m[43m,[49m[43m [49m[43mRHtrace19[49m[43m,[49m[43m [49m[43mRHtrace20[49m[43m,[49m[43m [49m[43mRHtrace21[49m[43m,[49m[43m [49m[43mRHtrace22[49m[43m,[49m[43m [49m[43mRHtrace23[49m[43m,[49m[43m [49m[43mRHtrace24[49m[43m,[49m[43mRHtraceLascar[49m[43m][49m[43m)[49m
[1;32m     67[0m g[38;5;241m.[39mlayout[38;5;241m.[39mtitle [38;5;241m=[39m [38;5;124m'[39m[38;5;124mRH readings - sensors 18 to 24[39m[38;5;124m'[39m
[1;32m     68[0m g[38;5;241m.[39mlayout[38;5;241m.[39mxaxis[38;5;241m.[39mtitle[38;5;241m=[39m [38;5;124m'[39m[38;5;124mtimestamp[39m[38;5;124m'[39m

File [0;32m/opt/hostedtoolcache/Python/3.8.18/x64/lib/python3.8/site-packages/plotly/missing_anywidget.py:13[0m, in [0;36mFigureWidget.__init__[0;34m(self, *args, **kwargs)[0m
[1;32m     12[0m [38;5;28;01mdef[39;00m[38;5;250m [39m[38;5;21m__init__[39m([38;5;28mself[39m, [38;5;241m*[39margs, [38;5;241m*[39m[38;5;241m*[39mkwargs):
[0;32m---> 13[0m     [38;5;28;01mraise[39;00m [38;5;167;01mImportError[39;00m([38;5;124m"[39m[38;5;124mPlease install anywidget to use the FigureWidget class[39m[38;5;124m"[39m)

[0;31mImportError[0m: Please install anywidget to use the FigureWidget class

