Traceback (most recent call last):
  File "/opt/hostedtoolcache/Python/3.8.18/x64/lib/python3.8/site-packages/jupyter_cache/executors/utils.py", line 58, in single_nb_execution
    executenb(
  File "/opt/hostedtoolcache/Python/3.8.18/x64/lib/python3.8/site-packages/nbclient/client.py", line 1305, in execute
    return NotebookClient(nb=nb, resources=resources, km=km, **kwargs).execute()
  File "/opt/hostedtoolcache/Python/3.8.18/x64/lib/python3.8/site-packages/jupyter_core/utils/__init__.py", line 165, in wrapped
    return loop.run_until_complete(inner)
  File "/opt/hostedtoolcache/Python/3.8.18/x64/lib/python3.8/asyncio/base_events.py", line 616, in run_until_complete
    return future.result()
  File "/opt/hostedtoolcache/Python/3.8.18/x64/lib/python3.8/site-packages/nbclient/client.py", line 705, in async_execute
    await self.async_execute_cell(
  File "/opt/hostedtoolcache/Python/3.8.18/x64/lib/python3.8/site-packages/nbclient/client.py", line 1058, in async_execute_cell
    await self._check_raise_for_error(cell, cell_index, exec_reply)
  File "/opt/hostedtoolcache/Python/3.8.18/x64/lib/python3.8/site-packages/nbclient/client.py", line 914, in _check_raise_for_error
    raise CellExecutionError.from_cell_and_msg(cell, exec_reply_content)
nbclient.exceptions.CellExecutionError: An error occurred while executing the following cell:
------------------

import plotly.graph_objects as go

import pandas as pd

df = pd.read_csv("sensors-1-2-10-25-26-27.csv")
df["timestamp"] = pd.to_datetime(df['timestamp'])
 
RHtrace1 = go.Scatter(customdata=df, 
                    y=df['h1'], 
                    x = df['timestamp'], 
                    mode='lines', 
                    hoverinfo='all', 
                    name='1',
                    )
RHtrace2 = go.Scatter(customdata=df, 
                    y=df['h2'], 
                    x = df['timestamp'], 
                    mode='lines', 
                    hoverinfo='all', 
                    name='2',
                    )

RHtrace10 = go.Scatter(customdata=df, 
                    y=df['h10'], 
                    x = df['timestamp'], 
                    mode='lines', 
                    hoverinfo='all', 
                    name='10',
                    )
RHtrace25 = go.Scatter(customdata=df, 
                    y=df['h25'], 
                    x = df['timestamp'], 
                    mode='lines', 
                    hoverinfo='all', 
                    name='25',
                    )

RHtrace26 = go.Scatter(customdata=df, 
                    y=df['h26'], 
                    x = df['timestamp'], 
                    mode='lines', 
                    hoverinfo='all', 
                    name='26',
                    )
RHtrace27 = go.Scatter(customdata=df, 
                    y=df['h27'], 
                    x = df['timestamp'], 
                    mode='lines', 
                    hoverinfo='all', 
                    name='27',
                    )
RHtraceLascar = go.Scatter(customdata=df, 
                    y=df['Lascar-RH'], 
                    x = df['timestamp'], 
                    mode='lines', 
                    hoverinfo='all', 
                    name='Lascar',
                    )

g = go.FigureWidget(data=[RHtrace1, RHtrace2, RHtrace10, RHtrace25, RHtrace26, RHtrace27,  RHtraceLascar])
g.layout.title = 'RH readings - sensors 1, 2, 10, 25-27'
g.layout.xaxis.title= 'timestamp'
g.layout.yaxis.title = "%RH"


fig = go.Figure(g)

fig.show()


------------------


[0;31m---------------------------------------------------------------------------[0m
[0;31mImportError[0m                               Traceback (most recent call last)
Cell [0;32mIn[1], line 60[0m
[1;32m     45[0m RHtrace27 [38;5;241m=[39m go[38;5;241m.[39mScatter(customdata[38;5;241m=[39mdf, 
[1;32m     46[0m                     y[38;5;241m=[39mdf[[38;5;124m'[39m[38;5;124mh27[39m[38;5;124m'[39m], 
[1;32m     47[0m                     x [38;5;241m=[39m df[[38;5;124m'[39m[38;5;124mtimestamp[39m[38;5;124m'[39m], 
[0;32m   (...)[0m
[1;32m     50[0m                     name[38;5;241m=[39m[38;5;124m'[39m[38;5;124m27[39m[38;5;124m'[39m,
[1;32m     51[0m                     )
[1;32m     52[0m RHtraceLascar [38;5;241m=[39m go[38;5;241m.[39mScatter(customdata[38;5;241m=[39mdf, 
[1;32m     53[0m                     y[38;5;241m=[39mdf[[38;5;124m'[39m[38;5;124mLascar-RH[39m[38;5;124m'[39m], 
[1;32m     54[0m                     x [38;5;241m=[39m df[[38;5;124m'[39m[38;5;124mtimestamp[39m[38;5;124m'[39m], 
[0;32m   (...)[0m
[1;32m     57[0m                     name[38;5;241m=[39m[38;5;124m'[39m[38;5;124mLascar[39m[38;5;124m'[39m,
[1;32m     58[0m                     )
[0;32m---> 60[0m g [38;5;241m=[39m [43mgo[49m[38;5;241;43m.[39;49m[43mFigureWidget[49m[43m([49m[43mdata[49m[38;5;241;43m=[39;49m[43m[[49m[43mRHtrace1[49m[43m,[49m[43m [49m[43mRHtrace2[49m[43m,[49m[43m [49m[43mRHtrace10[49m[43m,[49m[43m [49m[43mRHtrace25[49m[43m,[49m[43m [49m[43mRHtrace26[49m[43m,[49m[43m [49m[43mRHtrace27[49m[43m,[49m[43m  [49m[43mRHtraceLascar[49m[43m][49m[43m)[49m
[1;32m     61[0m g[38;5;241m.[39mlayout[38;5;241m.[39mtitle [38;5;241m=[39m [38;5;124m'[39m[38;5;124mRH readings - sensors 1, 2, 10, 25-27[39m[38;5;124m'[39m
[1;32m     62[0m g[38;5;241m.[39mlayout[38;5;241m.[39mxaxis[38;5;241m.[39mtitle[38;5;241m=[39m [38;5;124m'[39m[38;5;124mtimestamp[39m[38;5;124m'[39m

File [0;32m/opt/hostedtoolcache/Python/3.8.18/x64/lib/python3.8/site-packages/plotly/missing_anywidget.py:13[0m, in [0;36mFigureWidget.__init__[0;34m(self, *args, **kwargs)[0m
[1;32m     12[0m [38;5;28;01mdef[39;00m[38;5;250m [39m[38;5;21m__init__[39m([38;5;28mself[39m, [38;5;241m*[39margs, [38;5;241m*[39m[38;5;241m*[39mkwargs):
[0;32m---> 13[0m     [38;5;28;01mraise[39;00m [38;5;167;01mImportError[39;00m([38;5;124m"[39m[38;5;124mPlease install anywidget to use the FigureWidget class[39m[38;5;124m"[39m)

[0;31mImportError[0m: Please install anywidget to use the FigureWidget class

